0 info it worked if it ends with ok
1 verbose cli [ '/usr/local/bin/node',
1 verbose cli   '/usr/local/bin/npm',
1 verbose cli   'version',
1 verbose cli   'major' ]
2 info using npm@3.10.6
3 info using node@v6.0.0
4 info git [ 'status', '--porcelain' ]
5 verbose stack Error: Git working directory not clean.
5 verbose stack M .gitignore
5 verbose stack M README.md
5 verbose stack M fs-toolbox.js
5 verbose stack M package.json
5 verbose stack M test/01_setAndGet.js
5 verbose stack M test/11_empty.js
5 verbose stack M test/14_write.js
5 verbose stack M test/15_read.js
5 verbose stack     at /usr/local/lib/node_modules/npm/lib/version.js:247:19
5 verbose stack     at /usr/local/lib/node_modules/npm/lib/utils/no-progress-while-running.js:21:8
5 verbose stack     at ChildProcess.exithandler (child_process.js:193:7)
5 verbose stack     at emitTwo (events.js:106:13)
5 verbose stack     at ChildProcess.emit (events.js:191:7)
5 verbose stack     at maybeClose (internal/child_process.js:850:16)
5 verbose stack     at Socket.<anonymous> (internal/child_process.js:323:11)
5 verbose stack     at emitOne (events.js:96:13)
5 verbose stack     at Socket.emit (events.js:188:7)
5 verbose stack     at Pipe._handle.close [as _onclose] (net.js:485:12)
6 verbose cwd /Users/peternaydenov/Sites/git-fs-toolbox
7 error Darwin 16.0.0
8 error argv "/usr/local/bin/node" "/usr/local/bin/npm" "version" "major"
9 error node v6.0.0
10 error npm  v3.10.6
11 error Git working directory not clean.
11 error M .gitignore
11 error M README.md
11 error M fs-toolbox.js
11 error M package.json
11 error M test/01_setAndGet.js
11 error M test/11_empty.js
11 error M test/14_write.js
11 error M test/15_read.js
12 error If you need help, you may report this error at:
12 error     <https://github.com/npm/npm/issues>
13 verbose exit [ 1, true ]
